<?xml version="1.0" encoding="UTF-8"?>
<testsuite xmlns:xsi="http://www.w3.org/2001/XMLSchema-instance" xsi:noNamespaceSchemaLocation="https://maven.apache.org/surefire/maven-surefire-plugin/xsd/surefire-test-report-3.0.xsd" version="3.0" name="TestRun.TestRunner" time="17.47" tests="1" errors="1" skipped="0" failures="0">
  <properties>
[...]
</properties>
  <testcase name="Book a bus ticket" classname="Automate MakeMyTrip Apllication" time="14.772">
    <error message="element click intercepted: Element is not clickable at point (1144, 424)&#10;  (Session info: chrome=133.0.6943.127)&#10;Build info: version: &apos;4.27.0&apos;, revision: &apos;d6e718d134&apos;&#10;System info: os.name: &apos;Windows 11&apos;, os.arch: &apos;amd64&apos;, os.version: &apos;10.0&apos;, java.version: &apos;21.0.6&apos;&#10;Driver info: org.openqa.selenium.chrome.ChromeDriver&#10;Command: [384a2b4462b7fd963a54a3864afdb18b, clickElement {id=f.347C96FA1C0F93CF74E556080AF797BF.d.8713006B8F94C50C11DE70C7C42CC7E2.e.73}]&#10;Capabilities {acceptInsecureCerts: false, browserName: chrome, browserVersion: 133.0.6943.127, chrome: {chromedriverVersion: 133.0.6943.141 (2a5d6da0d61..., userDataDir: C:\Windows\SystemTemp\scope...}, fedcm:accounts: true, goog:chromeOptions: {debuggerAddress: localhost:58404}, networkConnectionEnabled: false, pageLoadStrategy: normal, platformName: windows, proxy: Proxy(), se:cdp: ws://localhost:58404/devtoo..., se:cdpVersion: 133.0.6943.127, setWindowRect: true, strictFileInteractability: false, timeouts: {implicit: 0, pageLoad: 300000, script: 30000}, unhandledPromptBehavior: dismiss and notify, webauthn:extension:credBlob: true, webauthn:extension:largeBlob: true, webauthn:extension:minPinLength: true, webauthn:extension:prf: true, webauthn:virtualAuthenticators: true}&#10;Element: [[ChromeDriver: chrome on windows (384a2b4462b7fd963a54a3864afdb18b)] -&gt; xpath: (//div[@class=&apos;DayPicker-Day&apos;])[2]]&#10;Session ID: 384a2b4462b7fd963a54a3864afdb18b" type="org.openqa.selenium.ElementClickInterceptedException"><![CDATA[org.openqa.selenium.ElementClickInterceptedException: 
element click intercepted: Element is not clickable at point (1144, 424)
  (Session info: chrome=133.0.6943.127)
Build info: version: '4.27.0', revision: 'd6e718d134'
System info: os.name: 'Windows 11', os.arch: 'amd64', os.version: '10.0', java.version: '21.0.6'
Driver info: org.openqa.selenium.chrome.ChromeDriver
Command: [384a2b4462b7fd963a54a3864afdb18b, clickElement {id=f.347C96FA1C0F93CF74E556080AF797BF.d.8713006B8F94C50C11DE70C7C42CC7E2.e.73}]
Capabilities {acceptInsecureCerts: false, browserName: chrome, browserVersion: 133.0.6943.127, chrome: {chromedriverVersion: 133.0.6943.141 (2a5d6da0d61..., userDataDir: C:\Windows\SystemTemp\scope...}, fedcm:accounts: true, goog:chromeOptions: {debuggerAddress: localhost:58404}, networkConnectionEnabled: false, pageLoadStrategy: normal, platformName: windows, proxy: Proxy(), se:cdp: ws://localhost:58404/devtoo..., se:cdpVersion: 133.0.6943.127, setWindowRect: true, strictFileInteractability: false, timeouts: {implicit: 0, pageLoad: 300000, script: 30000}, unhandledPromptBehavior: dismiss and notify, webauthn:extension:credBlob: true, webauthn:extension:largeBlob: true, webauthn:extension:minPinLength: true, webauthn:extension:prf: true, webauthn:virtualAuthenticators: true}
Element: [[ChromeDriver: chrome on windows (384a2b4462b7fd963a54a3864afdb18b)] -> xpath: (//div[@class='DayPicker-Day'])[2]]
Session ID: 384a2b4462b7fd963a54a3864afdb18b
	at java.base/jdk.internal.reflect.DirectConstructorHandleAccessor.newInstance(DirectConstructorHandleAccessor.java:62)
	at java.base/java.lang.reflect.Constructor.newInstanceWithCaller(Constructor.java:502)
	at java.base/java.lang.reflect.Constructor.newInstance(Constructor.java:486)
	at org.openqa.selenium.remote.ErrorCodec.decode(ErrorCodec.java:167)
	at org.openqa.selenium.remote.codec.w3c.W3CHttpResponseCodec.decode(W3CHttpResponseCodec.java:138)
	at org.openqa.selenium.remote.codec.w3c.W3CHttpResponseCodec.decode(W3CHttpResponseCodec.java:50)
	at org.openqa.selenium.remote.HttpCommandExecutor.execute(HttpCommandExecutor.java:190)
	at org.openqa.selenium.remote.service.DriverCommandExecutor.invokeExecute(DriverCommandExecutor.java:216)
	at org.openqa.selenium.remote.service.DriverCommandExecutor.execute(DriverCommandExecutor.java:174)
	at org.openqa.selenium.remote.RemoteWebDriver.execute(RemoteWebDriver.java:545)
	at org.openqa.selenium.remote.RemoteWebElement.execute(RemoteWebElement.java:223)
	at org.openqa.selenium.remote.RemoteWebElement.click(RemoteWebElement.java:76)
	at java.base/jdk.internal.reflect.DirectMethodHandleAccessor.invoke(DirectMethodHandleAccessor.java:103)
	at java.base/java.lang.reflect.Method.invoke(Method.java:580)
	at org.openqa.selenium.support.pagefactory.internal.LocatingElementHandler.invoke(LocatingElementHandler.java:51)
	at jdk.proxy2/jdk.proxy2.$Proxy20.click(Unknown Source)
	at com_Base_File.Utility_File_MMT.Click(Utility_File_MMT.java:30)
	at com_Page_Object_File.Home_Page.SelectDateAndSearch(Home_Page.java:57)
	at Stepdef.StepDefinition.user_pick_date_and_search_buses(StepDefinition.java:40)
	at ✽.User pick date and search buses(file:///C:/Automation%20workspace/eclipse-workspace/POC_MakeMyTrip/src/test/java/Features/redbus.feature:7)
]]></error>
    <system-out><![CDATA[
Scenario: Book a bus ticket                                  &amp#27;[90m# src/test/java/Features/redbus.feature:3&amp#27;[0m
  &amp#27;[32mGiven &amp#27;[0m&amp#27;[32mUser launch the application&amp#27;[0m                          &amp#27;[90m# Stepdef.StepDefinition.user_launch_the_application()&amp#27;[0m
  &amp#27;[32mWhen &amp#27;[0m&amp#27;[32mUser go to buses&amp#27;[0m                                      &amp#27;[90m# Stepdef.StepDefinition.user_go_to_buses()&amp#27;[0m
  &amp#27;[32mWhen &amp#27;[0m&amp#27;[32mUser select Starting and Endpoint&amp#27;[0m                     &amp#27;[90m# Stepdef.StepDefinition.user_select_starting_and_endpoint()&amp#27;[0m
  &amp#27;[31mWhen &amp#27;[0m&amp#27;[31mUser pick date and search buses&amp#27;[0m                       &amp#27;[90m# Stepdef.StepDefinition.user_pick_date_and_search_buses()&amp#27;[0m
      &amp#27;[31morg.openqa.selenium.ElementClickInterceptedException: element click intercepted: Element is not clickable at point (1144, 424)
  (Session info: chrome=133.0.6943.127)
Build info: version: '4.27.0', revision: 'd6e718d134'
System info: os.name: 'Windows 11', os.arch: 'amd64', os.version: '10.0', java.version: '21.0.6'
Driver info: org.openqa.selenium.chrome.ChromeDriver
Command: [384a2b4462b7fd963a54a3864afdb18b, clickElement {id=f.347C96FA1C0F93CF74E556080AF797BF.d.8713006B8F94C50C11DE70C7C42CC7E2.e.73}]
Capabilities {acceptInsecureCerts: false, browserName: chrome, browserVersion: 133.0.6943.127, chrome: {chromedriverVersion: 133.0.6943.141 (2a5d6da0d61..., userDataDir: C:\Windows\SystemTemp\scope...}, fedcm:accounts: true, goog:chromeOptions: {debuggerAddress: localhost:58404}, networkConnectionEnabled: false, pageLoadStrategy: normal, platformName: windows, proxy: Proxy(), se:cdp: ws://localhost:58404/devtoo..., se:cdpVersion: 133.0.6943.127, setWindowRect: true, strictFileInteractability: false, timeouts: {implicit: 0, pageLoad: 300000, script: 30000}, unhandledPromptBehavior: dismiss and notify, webauthn:extension:credBlob: true, webauthn:extension:largeBlob: true, webauthn:extension:minPinLength: true, webauthn:extension:prf: true, webauthn:virtualAuthenticators: true}
Element: [[ChromeDriver: chrome on windows (384a2b4462b7fd963a54a3864afdb18b)] -> xpath: (//div[@class='DayPicker-Day'])[2]]
Session ID: 384a2b4462b7fd963a54a3864afdb18b
	at java.base/jdk.internal.reflect.DirectConstructorHandleAccessor.newInstance(DirectConstructorHandleAccessor.java:62)
	at java.base/java.lang.reflect.Constructor.newInstanceWithCaller(Constructor.java:502)
	at java.base/java.lang.reflect.Constructor.newInstance(Constructor.java:486)
	at org.openqa.selenium.remote.ErrorCodec.decode(ErrorCodec.java:167)
	at org.openqa.selenium.remote.codec.w3c.W3CHttpResponseCodec.decode(W3CHttpResponseCodec.java:138)
	at org.openqa.selenium.remote.codec.w3c.W3CHttpResponseCodec.decode(W3CHttpResponseCodec.java:50)
	at org.openqa.selenium.remote.HttpCommandExecutor.execute(HttpCommandExecutor.java:190)
	at org.openqa.selenium.remote.service.DriverCommandExecutor.invokeExecute(DriverCommandExecutor.java:216)
	at org.openqa.selenium.remote.service.DriverCommandExecutor.execute(DriverCommandExecutor.java:174)
	at org.openqa.selenium.remote.RemoteWebDriver.execute(RemoteWebDriver.java:545)
	at org.openqa.selenium.remote.RemoteWebElement.execute(RemoteWebElement.java:223)
	at org.openqa.selenium.remote.RemoteWebElement.click(RemoteWebElement.java:76)
	at java.base/jdk.internal.reflect.DirectMethodHandleAccessor.invoke(DirectMethodHandleAccessor.java:103)
	at java.base/java.lang.reflect.Method.invoke(Method.java:580)
	at org.openqa.selenium.support.pagefactory.internal.LocatingElementHandler.invoke(LocatingElementHandler.java:51)
	at jdk.proxy2/jdk.proxy2.$Proxy20.click(Unknown Source)
	at com_Base_File.Utility_File_MMT.Click(Utility_File_MMT.java:30)
	at com_Page_Object_File.Home_Page.SelectDateAndSearch(Home_Page.java:57)
	at Stepdef.StepDefinition.user_pick_date_and_search_buses(StepDefinition.java:40)
	at ✽.User pick date and search buses(file:///C:/Automation%20workspace/eclipse-workspace/POC_MakeMyTrip/src/test/java/Features/redbus.feature:7)
&amp#27;[0m
  &amp#27;[36mWhen &amp#27;[0m&amp#27;[36mUser filter the seating&amp#27;[0m                               &amp#27;[90m# Stepdef.StepDefinition.user_filter_the_seating()&amp#27;[0m
  &amp#27;[36mWhen &amp#27;[0m&amp#27;[36mUser choose cheapest bus and select seat&amp#27;[0m              &amp#27;[90m# Stepdef.StepDefinition.user_choose_cheapest_bus_and_select_seat()&amp#27;[0m
  &amp#27;[36mWhen &amp#27;[0m&amp#27;[36mUser enter the traveller details and continue booking&amp#27;[0m &amp#27;[90m# Stepdef.StepDefinition.user_enter_the_traveller_details_and_continue_booking()&amp#27;[0m
]]></system-out>
    <system-err><![CDATA[Feb 26, 2025 11:07:54 AM org.openqa.selenium.devtools.CdpVersionFinder findNearestMatch
WARNING: Unable to find an exact match for CDP version 133, returning the closest version; found: 131; Please update to a Selenium version that supports CDP version 133
]]></system-err>
  </testcase>
</testsuite>